This is pdfTeX, Version 3.141592653-2.6-1.40.25 (TeX Live 2023/Debian) (preloaded format=pdflatex)
 restricted \write18 enabled.
entering extended mode
(./bachelorarbeit.tex
LaTeX2e <2023-11-01> patch level 1
L3 programming layer <2024-01-22>
(/usr/share/texlive/texmf-dist/tex/latex/koma-script/scrbook.cls
Document Class: scrbook 2023/07/07 v3.41 KOMA-Script document class (book)
(/usr/share/texlive/texmf-dist/tex/latex/koma-script/scrkbase.sty
(/usr/share/texlive/texmf-dist/tex/latex/koma-script/scrbase.sty
(/usr/share/texlive/texmf-dist/tex/latex/koma-script/scrlfile.sty
(/usr/share/texlive/texmf-dist/tex/latex/koma-script/scrlfile-hook.sty
(/usr/share/texlive/texmf-dist/tex/latex/koma-script/scrlogo.sty)))
(/usr/share/texlive/texmf-dist/tex/latex/graphics/keyval.sty)))
(/usr/share/texlive/texmf-dist/tex/latex/koma-script/tocbasic.sty)

Class scrbook Warning: You've used deprecated option `bibtotoc'.
(scrbook)              Usage of this option indicates an old document
(scrbook)              and changes compatibility level using
(scrbook)              `bibliography=totoc,version=first,
(scrbook)              enabledeprecatedfontcommands' that may result
(scrbook)              in further warnings.
(scrbook)              If you don't want this, you should simply
(scrbook)              replace option `bibtotoc' by `bibliography=totoc'.


Class scrbook Warning: Switching back to an old KOMA-Script release does
(scrbook)              not mean, that KOMA-Script is fully compatible with
(scrbook)              the old release. If you need full compatibility
(scrbook)              to an old KOMA-Script release, you should use that
(scrbook)              old KOMA-Script release. However, in that case you
(scrbook)              could also need old releases of other packages and
(scrbook)              even of the LaTeX kernel.
(scrbook)              You should also note, that the KOMA-Script developers
(scrbook)              refuse support for documents using `version=first'.
(scrbook)              We recommend to eliminate all deprecated options
(scrbook)              and commands. We also recommend to not use option
(scrbook)              `version', i.e., with other values than `last'.


Class scrbook Warning: deprecated option `enabledeprecatedfontcommands'.
(scrbook)              Note, that this option was already depreacted when
(scrbook)              it has been defined. Support for old font commands
(scrbook)              has been removed from KOMA-Script more than one
(scrbook)              decade ago. It is not recommended to use them any
(scrbook)              longer. Therefore usage of this class option also
(scrbook)              is not recommended.


Class scrbook Warning: You've used deprecated option `liststotoc'.
(scrbook)              Usage of this option indicates an old document
(scrbook)              and changes compatibility level using
(scrbook)              `listof=totoc,version=first,
(scrbook)              enabledeprecatedfontcommands' that may result
(scrbook)              in further warnings.
(scrbook)              If you don't want this, you should simply
(scrbook)              replace option `liststotoc' by `listof=totoc'.


Class scrbook Warning: Switching back to an old KOMA-Script release does
(scrbook)              not mean, that KOMA-Script is fully compatible with
(scrbook)              the old release. If you need full compatibility
(scrbook)              to an old KOMA-Script release, you should use that
(scrbook)              old KOMA-Script release. However, in that case you
(scrbook)              could also need old releases of other packages and
(scrbook)              even of the LaTeX kernel.
(scrbook)              You should also note, that the KOMA-Script developers
(scrbook)              refuse support for documents using `version=first'.
(scrbook)              We recommend to eliminate all deprecated options
(scrbook)              and commands. We also recommend to not use option
(scrbook)              `version', i.e., with other values than `last'.


Class scrbook Warning: deprecated option `enabledeprecatedfontcommands'.
(scrbook)              Note, that this option was already depreacted when
(scrbook)              it has been defined. Support for old font commands
(scrbook)              has been removed from KOMA-Script more than one
(scrbook)              decade ago. It is not recommended to use them any
(scrbook)              longer. Therefore usage of this class option also
(scrbook)              is not recommended.

(/usr/share/texlive/texmf-dist/tex/latex/koma-script/scrsize11pt.clo)
(/usr/share/texlive/texmf-dist/tex/latex/koma-script/typearea.sty))
(/usr/share/texlive/texmf-dist/tex/generic/babel/babel.sty
(/usr/share/texlive/texmf-dist/tex/generic/babel/txtbabel.def)
(/usr/share/texlive/texmf-dist/tex/generic/babel-english/english.ldf))
(/usr/share/texlive/texmf-dist/tex/generic/babel/locale/en/babel-english.tex)
(/usr/share/texlive/texmf-dist/tex/latex/base/fontenc.sty)
(/usr/share/texmf/tex/latex/lm/lmodern.sty)
(/usr/share/texlive/texmf-dist/tex/latex/microtype/microtype.sty
(/usr/share/texlive/texmf-dist/tex/latex/etoolbox/etoolbox.sty)
(/usr/share/texlive/texmf-dist/tex/latex/microtype/microtype-pdftex.def)
(/usr/share/texlive/texmf-dist/tex/latex/microtype/microtype.cfg))
(/usr/share/texlive/texmf-dist/tex/latex/amsmath/amsmath.sty
For additional information on amsmath, use the `?' option.
(/usr/share/texlive/texmf-dist/tex/latex/amsmath/amstext.sty
(/usr/share/texlive/texmf-dist/tex/latex/amsmath/amsgen.sty))
(/usr/share/texlive/texmf-dist/tex/latex/amsmath/amsbsy.sty)
(/usr/share/texlive/texmf-dist/tex/latex/amsmath/amsopn.sty))
(/usr/share/texlive/texmf-dist/tex/latex/amsfonts/amssymb.sty
(/usr/share/texlive/texmf-dist/tex/latex/amsfonts/amsfonts.sty))
(/usr/share/texlive/texmf-dist/tex/latex/amscls/amsthm.sty)
(/usr/share/texlive/texmf-dist/tex/latex/xpatch/xpatch.sty
(/usr/share/texlive/texmf-dist/tex/latex/l3kernel/expl3.sty
(/usr/share/texlive/texmf-dist/tex/latex/l3backend/l3backend-pdftex.def))
(/usr/share/texlive/texmf-dist/tex/latex/l3packages/xparse/xparse.sty))
(/usr/share/texlive/texmf-dist/tex/latex/graphics/graphicx.sty
(/usr/share/texlive/texmf-dist/tex/latex/graphics/graphics.sty
(/usr/share/texlive/texmf-dist/tex/latex/graphics/trig.sty)
(/usr/share/texlive/texmf-dist/tex/latex/graphics-cfg/graphics.cfg)
(/usr/share/texlive/texmf-dist/tex/latex/graphics-def/pdftex.def)))
(/usr/share/texlive/texmf-dist/tex/latex/float/float.sty)
(/usr/share/texlive/texmf-dist/tex/latex/url/url.sty)
(/usr/share/texlive/texmf-dist/tex/latex/hyperref/hyperref.sty
(/usr/share/texlive/texmf-dist/tex/generic/iftex/iftex.sty)
(/usr/share/texlive/texmf-dist/tex/latex/kvsetkeys/kvsetkeys.sty)
(/usr/share/texlive/texmf-dist/tex/generic/kvdefinekeys/kvdefinekeys.sty)
(/usr/share/texlive/texmf-dist/tex/generic/pdfescape/pdfescape.sty
(/usr/share/texlive/texmf-dist/tex/generic/ltxcmds/ltxcmds.sty)
(/usr/share/texlive/texmf-dist/tex/generic/pdftexcmds/pdftexcmds.sty
(/usr/share/texlive/texmf-dist/tex/generic/infwarerr/infwarerr.sty)))
(/usr/share/texlive/texmf-dist/tex/latex/hycolor/hycolor.sty)
(/usr/share/texlive/texmf-dist/tex/latex/auxhook/auxhook.sty)
(/usr/share/texlive/texmf-dist/tex/latex/hyperref/nameref.sty
(/usr/share/texlive/texmf-dist/tex/latex/refcount/refcount.sty)
(/usr/share/texlive/texmf-dist/tex/generic/gettitlestring/gettitlestring.sty
(/usr/share/texlive/texmf-dist/tex/latex/kvoptions/kvoptions.sty)))
(/usr/share/texlive/texmf-dist/tex/latex/hyperref/pd1enc.def)
(/usr/share/texlive/texmf-dist/tex/generic/intcalc/intcalc.sty)
(/usr/share/texlive/texmf-dist/tex/latex/hyperref/puenc.def)
(/usr/share/texlive/texmf-dist/tex/generic/bitset/bitset.sty
(/usr/share/texlive/texmf-dist/tex/generic/bigintcalc/bigintcalc.sty))
(/usr/share/texlive/texmf-dist/tex/latex/base/atbegshi-ltx.sty))
(/usr/share/texlive/texmf-dist/tex/latex/hyperref/hpdftex.def
(/usr/share/texlive/texmf-dist/tex/latex/base/atveryend-ltx.sty)
(/usr/share/texlive/texmf-dist/tex/latex/rerunfilecheck/rerunfilecheck.sty
(/usr/share/texlive/texmf-dist/tex/generic/uniquecounter/uniquecounter.sty)))
(/usr/share/texlive/texmf-dist/tex/latex/cleveref/cleveref.sty)
(/usr/share/texlive/texmf-dist/tex/latex/pgfplots/pgfplots.sty
(/usr/share/texlive/texmf-dist/tex/generic/pgfplots/pgfplots.revision.tex)
(/usr/share/texlive/texmf-dist/tex/latex/pgf/frontendlayer/tikz.sty
(/usr/share/texlive/texmf-dist/tex/latex/pgf/basiclayer/pgf.sty
(/usr/share/texlive/texmf-dist/tex/latex/pgf/utilities/pgfrcs.sty
(/usr/share/texlive/texmf-dist/tex/generic/pgf/utilities/pgfutil-common.tex)
(/usr/share/texlive/texmf-dist/tex/generic/pgf/utilities/pgfutil-latex.def)
(/usr/share/texlive/texmf-dist/tex/generic/pgf/utilities/pgfrcs.code.tex
(/usr/share/texlive/texmf-dist/tex/generic/pgf/pgf.revision.tex)))
(/usr/share/texlive/texmf-dist/tex/latex/pgf/basiclayer/pgfcore.sty
(/usr/share/texlive/texmf-dist/tex/latex/pgf/systemlayer/pgfsys.sty
(/usr/share/texlive/texmf-dist/tex/generic/pgf/systemlayer/pgfsys.code.tex
(/usr/share/texlive/texmf-dist/tex/generic/pgf/utilities/pgfkeys.code.tex
(/usr/share/texlive/texmf-dist/tex/generic/pgf/utilities/pgfkeyslibraryfiltered
.code.tex)) (/usr/share/texlive/texmf-dist/tex/generic/pgf/systemlayer/pgf.cfg)
(/usr/share/texlive/texmf-dist/tex/generic/pgf/systemlayer/pgfsys-pdftex.def
(/usr/share/texlive/texmf-dist/tex/generic/pgf/systemlayer/pgfsys-common-pdf.de
f)))
(/usr/share/texlive/texmf-dist/tex/generic/pgf/systemlayer/pgfsyssoftpath.code.
tex)
(/usr/share/texlive/texmf-dist/tex/generic/pgf/systemlayer/pgfsysprotocol.code.
tex)) (/usr/share/texlive/texmf-dist/tex/latex/xcolor/xcolor.sty
(/usr/share/texlive/texmf-dist/tex/latex/graphics-cfg/color.cfg)
(/usr/share/texlive/texmf-dist/tex/latex/graphics/mathcolor.ltx))
(/usr/share/texlive/texmf-dist/tex/generic/pgf/basiclayer/pgfcore.code.tex
(/usr/share/texlive/texmf-dist/tex/generic/pgf/math/pgfmath.code.tex
(/usr/share/texlive/texmf-dist/tex/generic/pgf/math/pgfmathutil.code.tex)
(/usr/share/texlive/texmf-dist/tex/generic/pgf/math/pgfmathparser.code.tex)
(/usr/share/texlive/texmf-dist/tex/generic/pgf/math/pgfmathfunctions.code.tex)
(/usr/share/texlive/texmf-dist/tex/generic/pgf/math/pgfmathfunctions.basic.code
.tex)
(/usr/share/texlive/texmf-dist/tex/generic/pgf/math/pgfmathfunctions.trigonomet
ric.code.tex)
(/usr/share/texlive/texmf-dist/tex/generic/pgf/math/pgfmathfunctions.random.cod
e.tex)
(/usr/share/texlive/texmf-dist/tex/generic/pgf/math/pgfmathfunctions.comparison
.code.tex)
(/usr/share/texlive/texmf-dist/tex/generic/pgf/math/pgfmathfunctions.base.code.
tex)
(/usr/share/texlive/texmf-dist/tex/generic/pgf/math/pgfmathfunctions.round.code
.tex)
(/usr/share/texlive/texmf-dist/tex/generic/pgf/math/pgfmathfunctions.misc.code.
tex)
(/usr/share/texlive/texmf-dist/tex/generic/pgf/math/pgfmathfunctions.integerari
thmetics.code.tex)
(/usr/share/texlive/texmf-dist/tex/generic/pgf/math/pgfmathcalc.code.tex)
(/usr/share/texlive/texmf-dist/tex/generic/pgf/math/pgfmathfloat.code.tex))
(/usr/share/texlive/texmf-dist/tex/generic/pgf/math/pgfint.code.tex)
(/usr/share/texlive/texmf-dist/tex/generic/pgf/basiclayer/pgfcorepoints.code.te
x)
(/usr/share/texlive/texmf-dist/tex/generic/pgf/basiclayer/pgfcorepathconstruct.
code.tex)
(/usr/share/texlive/texmf-dist/tex/generic/pgf/basiclayer/pgfcorepathusage.code
.tex)
(/usr/share/texlive/texmf-dist/tex/generic/pgf/basiclayer/pgfcorescopes.code.te
x)
(/usr/share/texlive/texmf-dist/tex/generic/pgf/basiclayer/pgfcoregraphicstate.c
ode.tex)
(/usr/share/texlive/texmf-dist/tex/generic/pgf/basiclayer/pgfcoretransformation
s.code.tex)
(/usr/share/texlive/texmf-dist/tex/generic/pgf/basiclayer/pgfcorequick.code.tex
)
(/usr/share/texlive/texmf-dist/tex/generic/pgf/basiclayer/pgfcoreobjects.code.t
ex)
(/usr/share/texlive/texmf-dist/tex/generic/pgf/basiclayer/pgfcorepathprocessing
.code.tex)
(/usr/share/texlive/texmf-dist/tex/generic/pgf/basiclayer/pgfcorearrows.code.te
x)
(/usr/share/texlive/texmf-dist/tex/generic/pgf/basiclayer/pgfcoreshade.code.tex
)
(/usr/share/texlive/texmf-dist/tex/generic/pgf/basiclayer/pgfcoreimage.code.tex
)
(/usr/share/texlive/texmf-dist/tex/generic/pgf/basiclayer/pgfcoreexternal.code.
tex)
(/usr/share/texlive/texmf-dist/tex/generic/pgf/basiclayer/pgfcorelayers.code.te
x)
(/usr/share/texlive/texmf-dist/tex/generic/pgf/basiclayer/pgfcoretransparency.c
ode.tex)
(/usr/share/texlive/texmf-dist/tex/generic/pgf/basiclayer/pgfcorepatterns.code.
tex)
(/usr/share/texlive/texmf-dist/tex/generic/pgf/basiclayer/pgfcorerdf.code.tex))
)
(/usr/share/texlive/texmf-dist/tex/generic/pgf/modules/pgfmoduleshapes.code.tex
) (/usr/share/texlive/texmf-dist/tex/generic/pgf/modules/pgfmoduleplot.code.tex
)
(/usr/share/texlive/texmf-dist/tex/latex/pgf/compatibility/pgfcomp-version-0-65
.sty)
(/usr/share/texlive/texmf-dist/tex/latex/pgf/compatibility/pgfcomp-version-1-18
.sty)) (/usr/share/texlive/texmf-dist/tex/latex/pgf/utilities/pgffor.sty
(/usr/share/texlive/texmf-dist/tex/latex/pgf/utilities/pgfkeys.sty
(/usr/share/texlive/texmf-dist/tex/generic/pgf/utilities/pgfkeys.code.tex))
(/usr/share/texlive/texmf-dist/tex/latex/pgf/math/pgfmath.sty
(/usr/share/texlive/texmf-dist/tex/generic/pgf/math/pgfmath.code.tex))
(/usr/share/texlive/texmf-dist/tex/generic/pgf/utilities/pgffor.code.tex))
(/usr/share/texlive/texmf-dist/tex/generic/pgf/frontendlayer/tikz/tikz.code.tex

(/usr/share/texlive/texmf-dist/tex/generic/pgf/libraries/pgflibraryplothandlers
.code.tex)
(/usr/share/texlive/texmf-dist/tex/generic/pgf/modules/pgfmodulematrix.code.tex
)
(/usr/share/texlive/texmf-dist/tex/generic/pgf/frontendlayer/tikz/libraries/tik
zlibrarytopaths.code.tex)))
(/usr/share/texlive/texmf-dist/tex/generic/pgfplots/pgfplots.code.tex
(/usr/share/texlive/texmf-dist/tex/generic/pgfplots/pgfplotscore.code.tex
(/usr/share/texlive/texmf-dist/tex/generic/pgfplots/sys/pgfplotssysgeneric.code
.tex))
(/usr/share/texlive/texmf-dist/tex/generic/pgfplots/libs/pgfplotslibrary.code.t
ex)
(/usr/share/texlive/texmf-dist/tex/generic/pgfplots/oldpgfcompatib/pgfplotsoldp
gfsupp_loader.code.tex
(/usr/share/texlive/texmf-dist/tex/generic/pgf/libraries/pgflibraryfpu.code.tex
)
Package pgfplots: loading complementary utilities for your pgf version...

(/usr/share/texlive/texmf-dist/tex/generic/pgfplots/oldpgfcompatib/pgfplotsoldp
gfsupp_pgfutil-common-lists.tex))
(/usr/share/texlive/texmf-dist/tex/generic/pgfplots/util/pgfplotsutil.code.tex
(/usr/share/texlive/texmf-dist/tex/generic/pgfplots/liststructure/pgfplotslists
tructure.code.tex)
(/usr/share/texlive/texmf-dist/tex/generic/pgfplots/liststructure/pgfplotslists
tructureext.code.tex)
(/usr/share/texlive/texmf-dist/tex/generic/pgfplots/liststructure/pgfplotsarray
.code.tex)
(/usr/share/texlive/texmf-dist/tex/generic/pgfplots/liststructure/pgfplotsmatri
x.code.tex)
(/usr/share/texlive/texmf-dist/tex/generic/pgfplots/numtable/pgfplotstableshare
d.code.tex)
(/usr/share/texlive/texmf-dist/tex/generic/pgfplots/liststructure/pgfplotsdeque
.code.tex)
(/usr/share/texlive/texmf-dist/tex/generic/pgfplots/util/pgfplotsbinary.code.te
x
(/usr/share/texlive/texmf-dist/tex/generic/pgfplots/util/pgfplotsbinary.data.co
de.tex))
(/usr/share/texlive/texmf-dist/tex/generic/pgfplots/util/pgfplotsutil.verb.code
.tex)
(/usr/share/texlive/texmf-dist/tex/generic/pgfplots/libs/pgflibrarypgfplots.sur
fshading.code.tex
(/usr/share/texlive/texmf-dist/tex/generic/pgfplots/sys/pgflibrarypgfplots.surf
shading.pgfsys-pdftex.def)))
(/usr/share/texlive/texmf-dist/tex/generic/pgfplots/util/pgfplotscolormap.code.
tex
(/usr/share/texlive/texmf-dist/tex/generic/pgfplots/util/pgfplotscolor.code.tex
))
(/usr/share/texlive/texmf-dist/tex/generic/pgfplots/pgfplotsstackedplots.code.t
ex)
(/usr/share/texlive/texmf-dist/tex/generic/pgfplots/pgfplotsplothandlers.code.t
ex
(/usr/share/texlive/texmf-dist/tex/generic/pgfplots/pgfplotsmeshplothandler.cod
e.tex
(/usr/share/texlive/texmf-dist/tex/generic/pgfplots/pgfplotsmeshplotimage.code.
tex)))
(/usr/share/texlive/texmf-dist/tex/generic/pgfplots/pgfplots.scaling.code.tex)
(/usr/share/texlive/texmf-dist/tex/generic/pgfplots/pgfplotscoordprocessing.cod
e.tex)
(/usr/share/texlive/texmf-dist/tex/generic/pgfplots/pgfplots.errorbars.code.tex
) (/usr/share/texlive/texmf-dist/tex/generic/pgfplots/pgfplots.markers.code.tex
) (/usr/share/texlive/texmf-dist/tex/generic/pgfplots/pgfplotsticks.code.tex)
(/usr/share/texlive/texmf-dist/tex/generic/pgfplots/pgfplots.paths.code.tex)
(/usr/share/texlive/texmf-dist/tex/generic/pgf/frontendlayer/tikz/libraries/tik
zlibrarydecorations.code.tex
(/usr/share/texlive/texmf-dist/tex/generic/pgf/modules/pgfmoduledecorations.cod
e.tex))
(/usr/share/texlive/texmf-dist/tex/generic/pgf/frontendlayer/tikz/libraries/tik
zlibrarydecorations.pathmorphing.code.tex
(/usr/share/texlive/texmf-dist/tex/generic/pgf/libraries/decorations/pgflibrary
decorations.pathmorphing.code.tex))
(/usr/share/texlive/texmf-dist/tex/generic/pgf/frontendlayer/tikz/libraries/tik
zlibrarydecorations.pathreplacing.code.tex
(/usr/share/texlive/texmf-dist/tex/generic/pgf/libraries/decorations/pgflibrary
decorations.pathreplacing.code.tex))
(/usr/share/texlive/texmf-dist/tex/generic/pgfplots/libs/tikzlibrarypgfplots.co
ntourlua.code.tex))
(/usr/share/texlive/texmf-dist/tex/generic/pgf/frontendlayer/tikz/libraries/tik
zlibraryplotmarks.code.tex
(/usr/share/texlive/texmf-dist/tex/generic/pgf/libraries/pgflibraryplotmarks.co
de.tex))) (/usr/share/texlive/texmf-dist/tex/latex/listings/listings.sty
(/usr/share/texlive/texmf-dist/tex/latex/listings/lstmisc.sty)
(/usr/share/texlive/texmf-dist/tex/latex/listings/listings.cfg))
(/usr/share/texlive/texmf-dist/tex/latex/caption/subcaption.sty
(/usr/share/texlive/texmf-dist/tex/latex/caption/caption.sty
(/usr/share/texlive/texmf-dist/tex/latex/caption/caption3.sty
(/usr/share/texlive/texmf-dist/tex/latex/caption/caption-koma.sto))))
(/usr/share/texlive/texmf-dist/tex/latex/koma-script/scrlayer-scrpage.sty
(/usr/share/texlive/texmf-dist/tex/latex/koma-script/scrlayer.sty))
1: section
1: chapter
1: chapter
1: section
(/usr/share/texlive/texmf-dist/tex/latex/todonotes/todonotes.sty
(/usr/share/texlive/texmf-dist/tex/latex/base/ifthen.sty)
(/usr/share/texlive/texmf-dist/tex/latex/xkeyval/xkeyval.sty
(/usr/share/texlive/texmf-dist/tex/generic/xkeyval/xkeyval.tex
(/usr/share/texlive/texmf-dist/tex/generic/xkeyval/xkvutils.tex)))
(/usr/share/texlive/texmf-dist/tex/generic/pgf/frontendlayer/tikz/libraries/tik
zlibrarypositioning.code.tex)
(/usr/share/texlive/texmf-dist/tex/latex/tools/calc.sty))
(/usr/share/texlive/texmf-dist/tex/latex/comment/comment.sty
Excluding comment 'comment')
(/usr/share/texlive/texmf-dist/tex/generic/pgf/frontendlayer/tikz/libraries/tik
zlibraryshapes.code.tex
(/usr/share/texlive/texmf-dist/tex/generic/pgf/frontendlayer/tikz/libraries/tik
zlibraryshapes.geometric.code.tex
(/usr/share/texlive/texmf-dist/tex/generic/pgf/libraries/shapes/pgflibraryshape
s.geometric.code.tex))
(/usr/share/texlive/texmf-dist/tex/generic/pgf/frontendlayer/tikz/libraries/tik
zlibraryshapes.misc.code.tex
(/usr/share/texlive/texmf-dist/tex/generic/pgf/libraries/shapes/pgflibraryshape
s.misc.code.tex))
(/usr/share/texlive/texmf-dist/tex/generic/pgf/frontendlayer/tikz/libraries/tik
zlibraryshapes.symbols.code.tex
(/usr/share/texlive/texmf-dist/tex/generic/pgf/libraries/shapes/pgflibraryshape
s.symbols.code.tex))
(/usr/share/texlive/texmf-dist/tex/generic/pgf/frontendlayer/tikz/libraries/tik
zlibraryshapes.arrows.code.tex
(/usr/share/texlive/texmf-dist/tex/generic/pgf/libraries/shapes/pgflibraryshape
s.arrows.code.tex))
(/usr/share/texlive/texmf-dist/tex/generic/pgf/frontendlayer/tikz/libraries/tik
zlibraryshapes.callouts.code.tex
(/usr/share/texlive/texmf-dist/tex/generic/pgf/libraries/shapes/pgflibraryshape
s.callouts.code.tex))
(/usr/share/texlive/texmf-dist/tex/generic/pgf/frontendlayer/tikz/libraries/tik
zlibraryshapes.multipart.code.tex
(/usr/share/texlive/texmf-dist/tex/generic/pgf/libraries/shapes/pgflibraryshape
s.multipart.code.tex)))
(/usr/share/texlive/texmf-dist/tex/generic/pgf/frontendlayer/tikz/libraries/tik
zlibraryarrows.code.tex
(/usr/share/texlive/texmf-dist/tex/generic/pgf/libraries/pgflibraryarrows.code.
tex))
(/usr/share/texlive/texmf-dist/tex/generic/pgf/frontendlayer/tikz/libraries/tik
zlibraryfit.code.tex)
(/usr/share/texlive/texmf-dist/tex/generic/pgf/frontendlayer/tikz/libraries/tik
zlibrarybackgrounds.code.tex)
(/usr/share/texlive/texmf-dist/tex/generic/pgf/frontendlayer/tikz/libraries/tik
zlibraryshadows.code.tex
(/usr/share/texlive/texmf-dist/tex/generic/pgf/frontendlayer/tikz/libraries/tik
zlibraryfadings.code.tex
(/usr/share/texlive/texmf-dist/tex/generic/pgf/libraries/pgflibraryfadings.code
.tex)))
(/usr/share/texlive/texmf-dist/tex/generic/pgf/frontendlayer/tikz/libraries/tik
zlibrarycalc.code.tex)
(/usr/share/texlive/texmf-dist/tex/generic/pgf/frontendlayer/tikz/libraries/tik
zlibraryintersections.code.tex
(/usr/share/texlive/texmf-dist/tex/generic/pgf/libraries/pgflibraryintersection
s.code.tex))
(/usr/share/texlive/texmf-dist/tex/generic/pgf/frontendlayer/tikz/libraries/tik
zlibrarythrough.code.tex)
(/usr/share/texlive/texmf-dist/tex/generic/pgf/frontendlayer/tikz/libraries/tik
zlibrarymatrix.code.tex)
(/usr/share/texlive/texmf-dist/tex/generic/pgf/libraries/pgflibraryarrows.meta.
code.tex) (/usr/share/texlive/texmf-dist/tex/latex/algorithms/algorithm.sty)
(/usr/share/texlive/texmf-dist/tex/latex/algorithmicx/algpseudocode.sty
(/usr/share/texlive/texmf-dist/tex/latex/algorithmicx/algorithmicx.sty
Document Style algorithmicx 1.2 - a greatly improved `algorithmic' style
)
Document Style - pseudocode environments for use with the `algorithmicx' style
) (/usr/share/texlive/texmf-dist/tex/latex/tools/tabularx.sty
(/usr/share/texlive/texmf-dist/tex/latex/tools/array.sty))
(/usr/share/texlive/texmf-dist/tex/latex/colortbl/colortbl.sty)
(/usr/share/texlive/texmf-dist/tex/latex/tcolorbox/tcolorbox.sty
(/usr/share/texlive/texmf-dist/tex/latex/tools/verbatim.sty)
(/usr/share/texlive/texmf-dist/tex/latex/environ/environ.sty
(/usr/share/texlive/texmf-dist/tex/latex/trimspaces/trimspaces.sty))
(/usr/share/texlive/texmf-dist/tex/latex/tcolorbox/tcbraster.code.tex
Library (tcolorbox): 'tcbraster.code.tex' version '6.2.0'
) (/usr/share/texlive/texmf-dist/tex/latex/tcolorbox/tcbskins.code.tex
Library (tcolorbox): 'tcbskins.code.tex' version '6.2.0'
(/usr/share/texlive/texmf-dist/tex/latex/tikzfill/tikzfill.image.sty
(/usr/share/texlive/texmf-dist/tex/latex/tikzfill/tikzfill-common.sty)
(/usr/share/texlive/texmf-dist/tex/latex/tikzfill/tikzlibraryfill.image.code.te
x)) (/usr/share/texlive/texmf-dist/tex/latex/tcolorbox/tcbskinsjigsaw.code.tex
Library (tcolorbox): 'tcbskinsjigsaw.code.tex' version '6.2.0'
)) (/usr/share/texlive/texmf-dist/tex/latex/tcolorbox/tcbbreakable.code.tex
Library (tcolorbox): 'tcbbreakable.code.tex' version '6.2.0'
(/usr/share/texlive/texmf-dist/tex/latex/pdfcol/pdfcol.sty))
(/usr/share/texlive/texmf-dist/tex/latex/tcolorbox/tcbhooks.code.tex
Library (tcolorbox): 'tcbhooks.code.tex' version '6.2.0'
) (/usr/share/texlive/texmf-dist/tex/latex/tcolorbox/tcbtheorems.code.tex
Library (tcolorbox): 'tcbtheorems.code.tex' version '6.2.0'
) (/usr/share/texlive/texmf-dist/tex/latex/tcolorbox/tcbfitting.code.tex
Library (tcolorbox): 'tcbfitting.code.tex' version '6.2.0'
) (/usr/share/texlive/texmf-dist/tex/latex/tcolorbox/tcblistingsutf8.code.tex
Library (tcolorbox): 'tcblistingsutf8.code.tex' version '6.2.0'
(/usr/share/texlive/texmf-dist/tex/latex/tcolorbox/tcblistings.code.tex
Library (tcolorbox): 'tcblistings.code.tex' version '6.2.0'
(/usr/share/texlive/texmf-dist/tex/latex/tcolorbox/tcblistingscore.code.tex
Library (tcolorbox): 'tcblistingscore.code.tex' version '6.2.0'
(/usr/share/texlive/texmf-dist/tex/latex/tcolorbox/tcbprocessing.code.tex
Library (tcolorbox): 'tcbprocessing.code.tex' version '6.2.0'
))) (/usr/share/texlive/texmf-dist/tex/latex/listingsutf8/listingsutf8.sty
(/usr/share/texlive/texmf-dist/tex/generic/stringenc/stringenc.sty)))
(/usr/share/texlive/texmf-dist/tex/latex/tcolorbox/tcbexternal.code.tex
Library (tcolorbox): 'tcbexternal.code.tex' version '6.2.0'
) (/usr/share/texlive/texmf-dist/tex/latex/tcolorbox/tcbmagazine.code.tex
Library (tcolorbox): 'tcbmagazine.code.tex' version '6.2.0'
) (/usr/share/texlive/texmf-dist/tex/latex/tcolorbox/tcbvignette.code.tex
Library (tcolorbox): 'tcbvignette.code.tex' version '6.2.0'
) (/usr/share/texlive/texmf-dist/tex/latex/tcolorbox/tcbposter.code.tex
Library (tcolorbox): 'tcbposter.code.tex' version '6.2.0'
)) (/usr/share/texlive/texmf-dist/tex/latex/booktabs/booktabs.sty)
(/usr/share/texlive/texmf-dist/tex/latex/csquotes/csquotes.sty
(/usr/share/texlive/texmf-dist/tex/latex/csquotes/csquotes.def)
(/usr/share/texlive/texmf-dist/tex/latex/csquotes/csquotes.cfg))
(/usr/share/texlive/texmf-dist/tex/latex/biblatex/biblatex.sty
(/usr/share/texlive/texmf-dist/tex/latex/logreq/logreq.sty
(/usr/share/texlive/texmf-dist/tex/latex/logreq/logreq.def))
(/usr/share/texlive/texmf-dist/tex/latex/biblatex/blx-dm.def)
(/usr/share/texlive/texmf-dist/tex/latex/biblatex/blx-compat.def)
(/usr/share/texlive/texmf-dist/tex/latex/biblatex/biblatex.def)
(/usr/share/texlive/texmf-dist/tex/latex/biblatex-ieee/ieee.bbx
(/usr/share/texlive/texmf-dist/tex/latex/biblatex/bbx/numeric-comp.bbx
(/usr/share/texlive/texmf-dist/tex/latex/biblatex/bbx/numeric.bbx
(/usr/share/texlive/texmf-dist/tex/latex/biblatex/bbx/standard.bbx))))
(/usr/share/texlive/texmf-dist/tex/latex/biblatex-ieee/ieee.cbx
(/usr/share/texlive/texmf-dist/tex/latex/biblatex/cbx/numeric-comp.cbx))
(/usr/share/texlive/texmf-dist/tex/latex/biblatex/biblatex.cfg)
(/usr/share/texlive/texmf-dist/tex/latex/biblatex/blx-case-expl3.sty))
(/usr/share/texmf/tex/latex/lm/t1lmr.fd)
No file bachelorarbeit.aux.
(/usr/share/texlive/texmf-dist/tex/latex/microtype/mt-cmr.cfg)
(/usr/share/texlive/texmf-dist/tex/context/base/mkii/supp-pdf.mkii
[Loading MPS to PDF converter (version 2006.09.02).]
) (/usr/share/texlive/texmf-dist/tex/latex/epstopdf-pkg/epstopdf-base.sty
(/usr/share/texlive/texmf-dist/tex/latex/latexconfig/epstopdf-sys.cfg))
(/usr/share/texlive/texmf-dist/tex/latex/bookmark/bookmark.sty
(/usr/share/texlive/texmf-dist/tex/latex/bookmark/bkm-pdftex.def))
Package pgfplots notification 'compat/show suggested version=true': document ha
s been generated with the most recent feature set (\pgfplotsset{compat=1.18}).

(/usr/share/texlive/texmf-dist/tex/latex/base/inputenc.sty)
(/usr/share/texlive/texmf-dist/tex/latex/biblatex/lbx/english.lbx)
No file bachelorarbeit.bbl.
(./misc/titlepage.tex) [1{/var/lib/texmf/fonts/map/pdftex/updmap/pdftex.map}{/u
sr/share/texmf/fonts/enc/dvips/lm/lm-ec.enc} <./img/tu_logo.png>]
(./misc/self-assertion.tex) [2] (/usr/share/texmf/tex/latex/lm/t1lmss.fd)
(/usr/share/texmf/tex/latex/lm/ot1lmr.fd)
(/usr/share/texmf/tex/latex/lm/omllmm.fd)
(/usr/share/texmf/tex/latex/lm/omslmsy.fd)
(/usr/share/texmf/tex/latex/lm/omxlmex.fd)
(/usr/share/texlive/texmf-dist/tex/latex/amsfonts/umsa.fd)
(/usr/share/texlive/texmf-dist/tex/latex/microtype/mt-msa.cfg)
(/usr/share/texlive/texmf-dist/tex/latex/amsfonts/umsb.fd)
(/usr/share/texlive/texmf-dist/tex/latex/microtype/mt-msb.cfg) [1] [2] [3]
No file bachelorarbeit.toc.
[4]
No file bachelorarbeit.lof.
[5]
No file bachelorarbeit.lot.
[6] [7]
chapter 1.

Class scrbook Warning: \float@addtolists detected!
(scrbook)              Implementation of \float@addtolist became
(scrbook)              deprecated in KOMA-Script v3.01 2008/11/14 and
(scrbook)              has been replaced by several more flexible
(scrbook)              features of package `tocbasic`.
(scrbook)              Since Version 3.12 support for deprecated
(scrbook)              \float@addtolist interface has been
(scrbook)              restricted to only some of the KOMA-Script
(scrbook)              features and been removed from others.
(scrbook)              Loading of package `scrhack' may help to
(scrbook)              avoid this warning, if you are using a
(scrbook)              a package that still implements the
(scrbook)              deprecated \float@addtolist interface.


LaTeX Warning: Citation 'SmartMeterPrivacySurvey2023' on page 8 undefined on in
put line 137.


LaTeX Warning: Citation 'AStudyOnPrivacyPreserving2021' on page 8 undefined on 
input line 137.


LaTeX Warning: Citation 'muellerGewinnungVerhaltensprofilenAm2010' on page 8 un
defined on input line 137.


LaTeX Warning: Citation 'bohliPrivacyModelSmart2010aa' on page 8 undefined on i
nput line 137.


Overfull \hbox (24.01355pt too wide) in paragraph at lines 137--138
\T1/lmr/m/n/10.95 (-20) hourly en-ergy us-age can ex-pose pri-vate habits [].

LaTeX Warning: Citation 'IDCExpect175' on page 8 undefined on input line 139.


LaTeX Warning: Citation 'HowMuchData' on page 8 undefined on input line 139.


LaTeX Warning: Citation 'alderDecember2023Healthcare2024' on page 8 undefined o
n input line 139.


LaTeX Warning: Citation 'ElHajj2024BenchmarkStudy' on page 8 undefined on input
 line 147.

[8]

LaTeX Warning: Citation 'Genes2025EfficientRecursiveSnark' on page 9 undefined 
on input line 149.


LaTeX Warning: Citation 'Rondelet2020Zecale' on page 9 undefined on input line 
149.

[9]

LaTeX Warning: Reference `sec:intro' on page 1 undefined on input line 181.


LaTeX Warning: Reference `sec:background' on page 1 undefined on input line 182
.


LaTeX Warning: Reference `chap:evaluation-framework' on page 1 undefined on inp
ut line 183.


LaTeX Warning: Reference `chap:related-work' on page 1 undefined on input line 
184.


LaTeX Warning: Reference `chap:system-architecture' on page 1 undefined on inpu
t line 185.


LaTeX Warning: Reference `chap:empirical-results' on page 1 undefined on input 
line 186.


LaTeX Warning: Reference `chap:discussion' on page 1 undefined on input line 18
7.


LaTeX Warning: Reference `chap:conclusion' on page 1 undefined on input line 18
7.

[10]
chapter 2.

LaTeX Warning: Citation 'InayatAliPrivacyPreservingDataAggregation2018' on page
 11 undefined on input line 199.


LaTeX Warning: Citation 'GoyalLiPI2022' on page 11 undefined on input line 199.



Overfull \hbox (4.32153pt too wide) in paragraph at lines 199--200
\T1/lmr/m/n/10.95 (-20) cially in con-strained sen-sor net-works [].

LaTeX Warning: Citation 'ZKPDefinition2023' on page 11 undefined on input line 
202.


LaTeX Warning: Citation 'WikipediaZKPSNARKHistoric' on page 11 undefined on inp
ut line 202.


LaTeX Warning: Citation 'ASurveyApplicationsZKP2024' on page 11 undefined on in
put line 202.


LaTeX Warning: Citation 'WikipediaZKPSNARKHistoric' on page 11 undefined on inp
ut line 202.


LaTeX Warning: Citation 'WikipediaZKPSNARKHistoric' on page 11 undefined on inp
ut line 204.


LaTeX Warning: Citation 'ASurveyApplicationsZKP2024' on page 11 undefined on in
put line 204.


Overfull \hbox (8.30956pt too wide) in paragraph at lines 204--205
\T1/lmr/m/n/10.95 (-20) cryp-to-graphic bench-marks and ap-pli-ca-bil-ity acros
s do-mains []. 

LaTeX Warning: Citation 'WikipediaZKPSNARKHistoric' on page 11 undefined on inp
ut line 207.

[11]

LaTeX Warning: Citation 'WikipediaZKPSNARKHistoric' on page 12 undefined on inp
ut line 210.


LaTeX Warning: Citation 'NovaFoldingIVC2023' on page 12 undefined on input line
 216.


LaTeX Warning: Citation 'boweRecursiveProofComposition2019' on page 12 undefine
d on input line 219.


LaTeX Warning: Citation 'NovaFoldingIVC2023' on page 12 undefined on input line
 219.


LaTeX Warning: Citation 'PantheonNovaBenchmark' on page 12 undefined on input l
ine 219.


LaTeX Warning: Citation 'Plonky2ZKM2025' on page 12 undefined on input line 219
.


LaTeX Warning: Citation 'AnalysisPlonky2Protocol' on page 12 undefined on input
 line 219.


LaTeX Warning: Citation 'IntroducingPlonky2' on page 12 undefined on input line
 219.


LaTeX Warning: Citation 'MayaZKBlogAggregationSummary' on page 12 undefined on 
input line 219.

[12]
chapter 3.

Overfull \hbox (23.83194pt too wide) in paragraph at lines 245--246
 []| [] 

LaTeX Warning: Reference `fig:system-overview' on page 1 undefined on input lin
e 250.

(/usr/share/texmf/tex/latex/lm/t1lmtt.fd) [13 <./img/comprehensive_dashboard.pn
g>]
Underfull \hbox (badness 5756) in paragraph at lines 299--299
[]|\T1/lmr/m/n/10.95 (+20) When are re-cur-sive

LaTeX Warning: Reference `sec:crossover-results' on page 1 undefined on input l
ine 299.


LaTeX Warning: Reference `tab:crossover-validation' on page 1 undefined on inpu
t line 299.


Underfull \hbox (badness 2237) in paragraph at lines 300--300
\T1/lmr/m/n/10.95 (+20) tages does re-cur-sion

LaTeX Warning: Reference `sec:privacy-assessment' on page 1 undefined on input 
line 300.


LaTeX Warning: Reference `tab:privacy-metrics' on page 1 undefined on input lin
e 300.


Underfull \hbox (badness 10000) in paragraph at lines 301--301
\T1/lmr/m/n/10.95 (+20) com-plex-ity on-wards

LaTeX Warning: Reference `sec:crossover-results' on page 1 undefined on input l
ine 301.


LaTeX Warning: Reference `tab:crossover-validation' on page 1 undefined on inpu
t line 301.


LaTeX Warning: Reference `sec:performance-scaling' on page 1 undefined on input
 line 302.


LaTeX Warning: Reference `sec:iot-device-analysis' on page 1 undefined on input
 line 302.


LaTeX Warning: Reference `sec:validation' on page 1 undefined on input line 303
.


LaTeX Warning: Reference `tab:model-validation' on page 1 undefined on input li
ne 303.


Underfull \hbox (badness 10000) in paragraph at lines 304--304
[]|\T1/lmr/m/n/10.95 (+20) Privacy^^Uperformance

LaTeX Warning: Reference `sec:privacy-assessment' on page 1 undefined on input 
line 304.


LaTeX Warning: Reference `chap:discussion' on page 1 undefined on input line 30
4.


Overfull \hbox (1.9492pt too wide) in paragraph at lines 295--307
 [][] 
[14]
Overfull \hbox (24.0948pt too wide) in paragraph at lines 319--320
\T1/lmr/m/n/10.95 (-20) The cir-cuit li-brary sup-ports both ba-sic op-er-a-tio
ns (\T1/lmtt/m/n/10.95 filter_range.zok\T1/lmr/m/n/10.95 (-20) , \T1/lmtt/m/n/1
0.95 min_max.zok\T1/lmr/m/n/10.95 (-20) , \T1/lmtt/m/n/10.95 median.zok\T1/lmr/
m/n/10.95 (-20) )
[15{/usr/share/texmf/fonts/enc/dvips/lm/lm-mathit.enc}{/usr/share/texmf/fonts/e
nc/dvips/lm/lm-mathsy.enc}] (/usr/share/texmf/tex/latex/lm/ts1lmr.fd)
(/usr/share/texlive/texmf-dist/tex/latex/listings/lstlang1.sty) [16{/usr/share/
texmf/fonts/enc/dvips/lm/lm-ts1.enc}] [17]
(/usr/share/texmf/tex/latex/lm/ts1lmtt.fd) [18{/usr/share/texmf/fonts/enc/dvips
/lm/lm-rm.enc}] [19] [20] [21]
Overfull \hbox (102.91977pt too wide) in paragraph at lines 668--668
[]\T1/lmtt/m/n/10.95 python -m venv iot_zk_env && source iot_zk_env/bin/activat
e && pip install -r requirements.txt[] 
[22]
chapter 4.

LaTeX Warning: Citation 'SmartMeterPrivacySurvey2023' on page 23 undefined on i
nput line 686.


LaTeX Warning: Citation 'AStudyOnPrivacyPreserving2021' on page 23 undefined on
 input line 686.


LaTeX Warning: Citation 'InayatAliPrivacyPreservingDataAggregation2018' on page
 23 undefined on input line 690.


LaTeX Warning: Citation 'GoyalLiPI2022' on page 23 undefined on input line 690.



LaTeX Warning: Citation 'WikipediaZKPSNARKHistoric' on page 23 undefined on inp
ut line 698.


Overfull \hbox (93.61897pt too wide) in paragraph at lines 698--699
\T1/lmr/m/n/10.95 (-20) gain-ing promi-nence through blockchain ap-pli-ca-tions
 like Zcash and Ethereum [].

LaTeX Warning: Citation 'boweRecursiveProofComposition2019' on page 23 undefine
d on input line 702.


LaTeX Warning: Citation 'NovaFoldingIVC2023' on page 23 undefined on input line
 702.

[23]
Overfull \hbox (12.22461pt too wide) in paragraph at lines 722--723
[]\T1/lmr/bx/n/10.95 (-20) Incremental Ver-i-fi-ca-tion\T1/lmr/m/n/10.95 (-20) 
: Proofs can be folded pro-gres-sively with-out full re-computation 
[24] [25]
chapter 5.
[26] [27] [28]
chapter 6.

Underfull \hbox (badness 10000) in paragraph at lines 929--930
[]|\T1/lmr/bx/n/10.95 (+20) Combined op-ti-miza-tion

Underfull \hbox (badness 6792) in paragraph at lines 929--930
\T1/lmr/bx/n/10.95 (+20) thresh-old for prac-ti-cal
[29] [30] [31 <./img/crossover_point_overview.png>]

LaTeX Warning: Reference `fig:crossover-overview' on page 1 undefined on input 
line 971.


LaTeX Warning: Reference `fig:crossover-theory' on page 1 undefined on input li
ne 973.

[32 <./img/theoretical_crossover_analysis.png>]

LaTeX Warning: Reference `fig:crossover-theory' on page 1 undefined on input li
ne 979.


LaTeX Warning: Reference `fig:crossover-overview' on page 1 undefined on input 
line 979.

[33 <./img/crossover_sensitivity_analysis.png>] [34] [35]
chapter 7.

Overfull \hbox (20.92389pt too wide) in paragraph at lines 1071--1081
 [][] 
[36] [37] [38]

LaTeX Warning: Citation 'boweRecursiveProofComposition2019' on page 39 undefine
d on input line 1184.


LaTeX Warning: Citation 'kothapalli_nova_2022' on page 39 undefined on input li
ne 1184.

[39]
Underfull \hbox (badness 10000) in paragraph at lines 1261--1262
[]|\T1/lmr/bx/n/10.95 (+20) Combined op-ti-miza-tion

Underfull \hbox (badness 6792) in paragraph at lines 1261--1262
\T1/lmr/bx/n/10.95 (+20) thresh-old for prac-ti-cal
[40] [41]

LaTeX Warning: Reference `fig:sensitivity-analysis' on page 1 undefined on inpu
t line 1312.


LaTeX Warning: Reference `tab:parameter-sensitivity' on page 1 undefined on inp
ut line 1312.

[42]

LaTeX Warning: Reference `tab:daily-results' on page 1 undefined on input line 
1331.

[43]
Overfull \hbox (10.79745pt too wide) in paragraph at lines 1437--1449
 [][] 
[44{/usr/share/texmf/fonts/enc/dvips/lm/lm-mathex.enc}]
Overfull \hbox (5.12091pt too wide) in paragraph at lines 1482--1482
[]|\T1/lmr/bx/n/10.95 (-20) Memory

Underfull \hbox (badness 10000) in paragraph at lines 1482--1482
[]|\T1/lmr/bx/n/10.95 (+20) CPU
[45]
Overfull \hbox (34.5726pt too wide) in paragraph at lines 1506--1518
 [][] 
[46] [47]

LaTeX Warning: Reference `fig:sensitivity-analysis' on page 1 undefined on inpu
t line 1593.


LaTeX Warning: Reference `fig:crossover-overview' on page 1 undefined on input 
line 1593.

[48] [49] [50]
chapter 8.
[51] [52] [53] [54] [55]

LaTeX Warning: Empty bibliography on input line 1862.

(./bachelorarbeit.aux)

LaTeX Warning: There were undefined references.


LaTeX Warning: Label(s) may have changed. Rerun to get cross-references right.


Package rerunfilecheck Warning: File `bachelorarbeit.out' has changed.
(rerunfilecheck)                Rerun to get outlines right
(rerunfilecheck)                or use package `bookmark'.


Package biblatex Warning: Please (re)run Biber on the file:
(biblatex)                bachelorarbeit
(biblatex)                and rerun LaTeX afterwards.

 )
(see the transcript file for additional information)</usr/share/texmf/fonts/typ
e1/public/lm/lmbx10.pfb></usr/share/texmf/fonts/type1/public/lm/lmbx12.pfb></us
r/share/texmf/fonts/type1/public/lm/lmex10.pfb></usr/share/texmf/fonts/type1/pu
blic/lm/lmmi10.pfb></usr/share/texmf/fonts/type1/public/lm/lmmi8.pfb></usr/shar
e/texmf/fonts/type1/public/lm/lmr10.pfb></usr/share/texmf/fonts/type1/public/lm
/lmr12.pfb></usr/share/texmf/fonts/type1/public/lm/lmr17.pfb></usr/share/texmf/
fonts/type1/public/lm/lmr6.pfb></usr/share/texmf/fonts/type1/public/lm/lmr8.pfb
></usr/share/texmf/fonts/type1/public/lm/lmr9.pfb></usr/share/texmf/fonts/type1
/public/lm/lmri10.pfb></usr/share/texmf/fonts/type1/public/lm/lmri12.pfb></usr/
share/texmf/fonts/type1/public/lm/lmri8.pfb></usr/share/texmf/fonts/type1/publi
c/lm/lmro10.pfb></usr/share/texmf/fonts/type1/public/lm/lmssbx10.pfb></usr/shar
e/texmf/fonts/type1/public/lm/lmsy10.pfb></usr/share/texmf/fonts/type1/public/l
m/lmsy8.pfb></usr/share/texmf/fonts/type1/public/lm/lmtk10.pfb></usr/share/texm
f/fonts/type1/public/lm/lmtt10.pfb></usr/share/texmf/fonts/type1/public/lm/lmtt
i10.pfb></usr/share/texlive/texmf-dist/fonts/type1/public/amsfonts/symbols/msbm
10.pfb>
Output written on bachelorarbeit.pdf (57 pages, 2072944 bytes).
Transcript written on bachelorarbeit.log.
